<?xml version="1.0" encoding="UTF-8"?>
<!-- Generated by org.testng.reporters.JUnitXMLReporter -->
<testsuite hostname="MacMini01.local" name="Test" tests="4" failures="0" timestamp="19 Sep 2017 15:06:04 GMT" time="694.826" errors="0">
  <testcase name="addAdmissionsModule" time="309.324" classname="com.s3.testCases.TCAddAdmissionsModule"/>
  <testcase name="addWebModule" time="130.102" classname="com.s3.testCases.TCAddWebModules"/>
  <testcase name="AddAppModule" time="121.332" classname="com.s3.testCases.TCAddAppModule"/>
  <testcase name="addBurserModule" time="74.686" classname="com.s3.testCases.TCAddBurserModule"/>
</testsuite> <!-- Test -->
