<?xml version="1.0" encoding="UTF-8"?>
<!-- Generated by org.testng.reporters.JUnitXMLReporter -->
<testsuite hostname="MacMini01.local" name="Test1" tests="12" failures="0" timestamp="6 Jul 2017 10:48:56 GMT" time="380.056" errors="0">
  <testcase name="CreateNewUserVerification" time="25.402" classname="com.s3.TestCasesPhase2.Users.CreateNewUser"/>
  <testcase name="CreateNewUserVerification" time="25.262" classname="com.s3.TestCasesPhase2.Users.CreateNewUser"/>
  <testcase name="CreateNewUserVerification" time="25.77" classname="com.s3.TestCasesPhase2.Users.CreateNewUser"/>
  <testcase name="CreateNewUserVerification" time="24.697" classname="com.s3.TestCasesPhase2.Users.CreateNewUser"/>
  <testcase name="CreateNewUserVerification" time="27.894" classname="com.s3.TestCasesPhase2.Users.CreateNewUser"/>
  <testcase name="NewUseronProfilePage" time="27.599" classname="com.s3.TestCasesPhase2.Users.CreateNewUser_onProfilepage"/>
  <testcase name="NewUseronProfilePage" time="25.066" classname="com.s3.TestCasesPhase2.Users.CreateNewUser_onProfilepage"/>
  <testcase name="NewUseronProfilePage" time="25.024" classname="com.s3.TestCasesPhase2.Users.CreateNewUser_onProfilepage"/>
  <testcase name="NewUseronProfilePage" time="24.986" classname="com.s3.TestCasesPhase2.Users.CreateNewUser_onProfilepage"/>
  <testcase name="NewUseronProfilePage" time="25.957" classname="com.s3.TestCasesPhase2.Users.CreateNewUser_onProfilepage"/>
  <testcase name="DeleteUserconfirmationMessage" time="11.768" classname="com.s3.TestCasesPhase2.Users.DeleteUserConfirmationMessage_UI"/>
  <testcase name="DeleteUserconfirmationMessage" time="11.906" classname="com.s3.TestCasesPhase2.Users.DeleteUserConfirmationMessage_UI"/>
</testsuite> <!-- Test1 -->
