<?xml version="1.0" encoding="UTF-8"?>
<!-- Generated by org.testng.reporters.JUnitXMLReporter -->
<testsuite hostname="MacMini01.local" name="User Test Suite" tests="16" failures="0" timestamp="14 Jul 2017 11:09:40 GMT" time="451.096" errors="0">
  <testcase name="UserProfilePageVerification" time="8.859" classname="com.s3.TestCasesPhase2.Users.Test_UsersUserProfileElementVerification"/>
  <testcase name="CreateNewUserPopupVerification" time="8.988" classname="com.s3.TestCasesPhase2.Users.Test_UsersCreate_NewUser_popupVerification"/>
  <testcase name="NewUserUIVerification" time="75.507" classname="com.s3.TestCasesPhase2.Users.Test_UsersCreateNewUser_UI_verification"/>
  <testcase name="RequiredFieldsVerification" time="9.844" classname="com.s3.TestCasesPhase2.Users.Test_UsersRequiredfields_verification_NewUser"/>
  <testcase name="CreateNewUserVerification" time="24.544" classname="com.s3.TestCasesPhase2.Users.Test_UsersCreateNewUser"/>
  <testcase name="NewUseronProfilePage" time="24.546" classname="com.s3.TestCasesPhase2.Users.Test_UsersCreateNewUser_onProfilepage"/>
  <testcase name="SearchUserVerification" time="13.403" classname="com.s3.TestCasesPhase2.Users.Test_UsersSearchUser"/>
  <testcase name="EditUserVerification" time="45.773" classname="com.s3.TestCasesPhase2.Users.Test_UsersEditUser"/>
  <testcase name="DeleteUserconfirmationMessage" time="11.732" classname="com.s3.TestCasesPhase2.Users.Test_UsersDeleteUserConfirmationMessage_UI"/>
  <testcase name="DeleteuserVerification" time="25.403" classname="com.s3.TestCasesPhase2.Users.Test_UsersDeleteUser"/>
  <testcase name="SearchUserVerification" time="10.986" classname="com.s3.TestCasesPhase2.Users.Test_UsersSearchInvalidUser"/>
  <testcase name="SearchUserVerification" time="11.139" classname="com.s3.TestCasesPhase2.Users.Test_UsersChangePasswordPopupVisiblityVerification"/>
  <testcase name="SearchUserVerification" time="12.033" classname="com.s3.TestCasesPhase2.Users.Test_UsersChangePasswordPopupUIVerification"/>
  <testcase name="SearchUserVerification" time="11.235" classname="com.s3.TestCasesPhase2.Users.Test_UsersChangePassword_MendetoryFields"/>
  <testcase name="SearchUserVerification" time="11.908" classname="com.s3.TestCasesPhase2.Users.Test_UsersChangePassword_MismatchPasswordError"/>
  <testcase name="SearchUserVerification" time="11.853" classname="com.s3.TestCasesPhase2.Users.Test_UsersChangePassword_ValidInput"/>
</testsuite> <!-- User Test Suite -->
