<?xml version="1.0" encoding="UTF-8"?>
<!-- Generated by org.testng.reporters.JUnitXMLReporter -->
<testsuite hostname="MacMini01.local" name="Login" tests="7" failures="2" timestamp="25 Jul 2017 12:47:19 GMT" time="299.854" errors="0">
  <testcase name="ManagePartnerMandatoryfield" time="18.002" classname="com.s3.TestCasesPhase2.Admin.Test_AdminManagePartnerMandatoryfieldsCreatePartner"/>
  <testcase name="ManagePartnerVerifyMessageonInvalidSearch" time="9.104" classname="com.s3.TestCasesPhase2.Admin.Test_AdminManagePartnerMessageInvalidSearch">
    <failure type="java.lang.AssertionError" message="expected [Pass] but found [Fail]">
      <![CDATA[java.lang.AssertionError: expected [Pass] but found [Fail]
	at com.s3.TestCasesPhase2.Admin.Test_AdminManagePartnerMessageInvalidSearch.ManagePartnerVerifyMessageonInvalidSearch(Test_AdminManagePartnerMessageInvalidSearch.java:78)
... Removed 29 stack frames]]>
    </failure>
  </testcase> <!-- ManagePartnerVerifyMessageonInvalidSearch -->
  <testcase name="ManagePartnerVerifySearchPartner" time="20.135" classname="com.s3.TestCasesPhase2.Admin.Test_AdminManagePartnerValidSearchPartner"/>
  <testcase name="ManagePartnerVerifyElementForPartnerList" time="132.175" classname="com.s3.TestCasesPhase2.Admin.Test_AdminManagePartnerElementPresentOnList"/>
  <testcase name="ManagePartnerEditPartnervisiblity" time="17.878" classname="com.s3.TestCasesPhase2.Admin.Test_AdminManagePartnerEditPartnerVisiblity"/>
  <testcase name="ManagePartnerPrefillNameEditPartner" time="17.88" classname="com.s3.TestCasesPhase2.Admin.Test_AdminManagePartnerPrefilledNameOnEditPartner"/>
  <testcase name="ManagePartnerEditPartner" time="19.324" classname="com.s3.TestCasesPhase2.Admin.Test_AdminManagePartnerEditPartnerfunctionality">
    <failure type="java.lang.AssertionError" message="expected [Pass] but found [Fail]">
      <![CDATA[java.lang.AssertionError: expected [Pass] but found [Fail]
	at com.s3.TestCasesPhase2.Admin.Test_AdminManagePartnerEditPartnerfunctionality.ManagePartnerEditPartner(Test_AdminManagePartnerEditPartnerfunctionality.java:65)
... Removed 29 stack frames]]>
    </failure>
  </testcase> <!-- ManagePartnerEditPartner -->
</testsuite> <!-- Login -->
