<?xml version="1.0" encoding="UTF-8"?>
<!-- Generated by org.testng.reporters.JUnitXMLReporter -->
<testsuite hostname="MacMini01.local" name="Test1" tests="20" failures="0" timestamp="4 Jul 2017 05:50:12 GMT" time="524.031" errors="0">
  <testcase name="UserProfilePageVerification" time="11.311" classname="com.s3.TestCasesPhase2.Users.Test_User_ManageUserPageElementVerification"/>
  <testcase name="UserProfilePageVerification" time="10.354" classname="com.s3.TestCasesPhase2.Users.Test_User_ManageUserPageElementVerification"/>
  <testcase name="UserProfilePageVerification" time="9.688" classname="com.s3.TestCasesPhase2.Users.Test_User_ManageUserPageElementVerification"/>
  <testcase name="UserProfilePageVerification" time="10.782" classname="com.s3.TestCasesPhase2.Users.Test_User_ManageUserPageElementVerification"/>
  <testcase name="UserProfilePageVerification" time="11.257" classname="com.s3.TestCasesPhase2.Users.Create_NewUser_popupVerification"/>
  <testcase name="UserProfilePageVerification" time="11.084" classname="com.s3.TestCasesPhase2.Users.Create_NewUser_popupVerification"/>
  <testcase name="UserProfilePageVerification" time="19.529" classname="com.s3.TestCasesPhase2.Users.Create_NewUser_popupVerification"/>
  <testcase name="UserProfilePageVerification" time="10.543" classname="com.s3.TestCasesPhase2.Users.Create_NewUser_popupVerification"/>
  <testcase name="UserProfilePageVerification" time="18.123" classname="com.s3.TestCasesPhase2.Users.CreateNewUser_UI_verification"/>
  <testcase name="UserProfilePageVerification" time="19.293" classname="com.s3.TestCasesPhase2.Users.CreateNewUser_UI_verification"/>
  <testcase name="UserProfilePageVerification" time="20.546" classname="com.s3.TestCasesPhase2.Users.CreateNewUser_UI_verification"/>
  <testcase name="UserProfilePageVerification" time="11.218" classname="com.s3.TestCasesPhase2.Users.Requiredfields_verification_NewUser"/>
  <testcase name="UserProfilePageVerification" time="11.203" classname="com.s3.TestCasesPhase2.Users.Requiredfields_verification_NewUser"/>
  <testcase name="UserProfilePageVerification" time="11.17" classname="com.s3.TestCasesPhase2.Users.Requiredfields_verification_NewUser"/>
  <testcase name="UserProfilePageVerification" time="10.343" classname="com.s3.TestCasesPhase2.Users.Requiredfields_verification_NewUser"/>
  <testcase name="UserProfilePageVerification" time="25.659" classname="com.s3.TestCasesPhase2.Users.CreateNewUser"/>
  <testcase name="UserProfilePageVerification" time="25.815" classname="com.s3.TestCasesPhase2.Users.CreateNewUser"/>
  <testcase name="UserProfilePageVerification" time="26.189" classname="com.s3.TestCasesPhase2.Users.CreateNewUser"/>
  <testcase name="UserProfilePageVerification" time="26.28" classname="com.s3.TestCasesPhase2.Users.CreateNewUser"/>
  <testcase name="UserProfilePageVerification" time="25.04" classname="com.s3.TestCasesPhase2.Users.CreateNewUser"/>
</testsuite> <!-- Test1 -->
